0 info it worked if it ends with ok
1 verbose cli [ '/usr/local/bin/node',
1 verbose cli   '/usr/local/bin/npm',
1 verbose cli   'i',
1 verbose cli   '-D',
1 verbose cli   'pug-boostrap' ]
2 info using npm@2.15.9
3 info using node@v4.5.0
4 verbose install initial load of /Volumes/MacintoshHD/geekbrains-kindza/package.json
5 warn package.json testjquery@1.0.0 No description
6 warn package.json testjquery@1.0.0 No repository field.
7 warn package.json testjquery@1.0.0 No README data
8 verbose installManyTop reading scoped package data from /Volumes/MacintoshHD/geekbrains-kindza/node_modules/browser-sync/package.json
9 verbose installManyTop reading scoped package data from /Volumes/MacintoshHD/geekbrains-kindza/node_modules/gulp/package.json
10 verbose installManyTop reading scoped package data from /Volumes/MacintoshHD/geekbrains-kindza/node_modules/gulp-plumber/package.json
11 verbose installManyTop reading scoped package data from /Volumes/MacintoshHD/geekbrains-kindza/node_modules/gulp-pug/package.json
12 verbose installManyTop reading scoped package data from /Volumes/MacintoshHD/geekbrains-kindza/node_modules/gulp-rigger/package.json
13 verbose installManyTop reading scoped package data from /Volumes/MacintoshHD/geekbrains-kindza/node_modules/gulp-rimraf/package.json
14 verbose installManyTop reading scoped package data from /Volumes/MacintoshHD/geekbrains-kindza/node_modules/gulp-sass/package.json
15 verbose installManyTop reading scoped package data from /Volumes/MacintoshHD/geekbrains-kindza/node_modules/gulp-sourcemaps/package.json
16 verbose installManyTop reading scoped package data from /Volumes/MacintoshHD/geekbrains-kindza/node_modules/gulp-watch/package.json
17 verbose readDependencies loading dependencies from /Volumes/MacintoshHD/geekbrains-kindza/package.json
18 silly cache add args [ 'pug-boostrap', null ]
19 verbose cache add spec pug-boostrap
20 silly cache add parsed spec Result {
20 silly cache add   raw: 'pug-boostrap',
20 silly cache add   scope: null,
20 silly cache add   name: 'pug-boostrap',
20 silly cache add   rawSpec: '',
20 silly cache add   spec: 'latest',
20 silly cache add   type: 'tag' }
21 silly addNamed pug-boostrap@latest
22 verbose addNamed "latest" is being treated as a dist-tag for pug-boostrap
23 info addNameTag [ 'pug-boostrap', 'latest' ]
24 silly mapToRegistry name pug-boostrap
25 silly mapToRegistry using default registry
26 silly mapToRegistry registry https://registry.npmjs.org/
27 silly mapToRegistry data Result {
27 silly mapToRegistry   raw: 'pug-boostrap',
27 silly mapToRegistry   scope: null,
27 silly mapToRegistry   name: 'pug-boostrap',
27 silly mapToRegistry   rawSpec: '',
27 silly mapToRegistry   spec: 'latest',
27 silly mapToRegistry   type: 'tag' }
28 silly mapToRegistry uri https://registry.npmjs.org/pug-boostrap
29 verbose addNameTag registry:https://registry.npmjs.org/pug-boostrap not in flight; fetching
30 verbose request uri https://registry.npmjs.org/pug-boostrap
31 verbose request no auth needed
32 info attempt registry request try #1 at 12:11:47
33 verbose request id 9d770b6f7dad58a3
34 http request GET https://registry.npmjs.org/pug-boostrap
35 http 404 https://registry.npmjs.org/pug-boostrap
36 verbose headers { 'content-type': 'application/json',
36 verbose headers   'cache-control': 'max-age=0',
36 verbose headers   'content-length': '2',
36 verbose headers   'accept-ranges': 'bytes',
36 verbose headers   date: 'Thu, 30 Mar 2017 09:11:48 GMT',
36 verbose headers   via: '1.1 varnish',
36 verbose headers   age: '0',
36 verbose headers   connection: 'keep-alive',
36 verbose headers   'x-served-by': 'cache-ams4446-AMS',
36 verbose headers   'x-cache': 'MISS',
36 verbose headers   'x-cache-hits': '0',
36 verbose headers   'x-timer': 'S1490865107.523994,VS0,VE676',
36 verbose headers   vary: 'Accept-Encoding' }
37 silly get cb [ 404,
37 silly get   { 'content-type': 'application/json',
37 silly get     'cache-control': 'max-age=0',
37 silly get     'content-length': '2',
37 silly get     'accept-ranges': 'bytes',
37 silly get     date: 'Thu, 30 Mar 2017 09:11:48 GMT',
37 silly get     via: '1.1 varnish',
37 silly get     age: '0',
37 silly get     connection: 'keep-alive',
37 silly get     'x-served-by': 'cache-ams4446-AMS',
37 silly get     'x-cache': 'MISS',
37 silly get     'x-cache-hits': '0',
37 silly get     'x-timer': 'S1490865107.523994,VS0,VE676',
37 silly get     vary: 'Accept-Encoding' } ]
38 verbose stack Error: Registry returned 404 for GET on https://registry.npmjs.org/pug-boostrap
38 verbose stack     at makeError (/usr/local/lib/node_modules/npm/node_modules/npm-registry-client/lib/request.js:264:12)
38 verbose stack     at CachingRegistryClient.<anonymous> (/usr/local/lib/node_modules/npm/node_modules/npm-registry-client/lib/request.js:242:14)
38 verbose stack     at Request._callback (/usr/local/lib/node_modules/npm/node_modules/npm-registry-client/lib/request.js:172:14)
38 verbose stack     at Request.self.callback (/usr/local/lib/node_modules/npm/node_modules/request/request.js:200:22)
38 verbose stack     at emitTwo (events.js:87:13)
38 verbose stack     at Request.emit (events.js:172:7)
38 verbose stack     at Request.<anonymous> (/usr/local/lib/node_modules/npm/node_modules/request/request.js:1067:10)
38 verbose stack     at emitOne (events.js:82:20)
38 verbose stack     at Request.emit (events.js:169:7)
38 verbose stack     at IncomingMessage.<anonymous> (/usr/local/lib/node_modules/npm/node_modules/request/request.js:988:12)
39 verbose statusCode 404
40 verbose pkgid pug-boostrap
41 verbose cwd /Volumes/MacintoshHD/geekbrains-kindza
42 error Darwin 11.4.2
43 error argv "/usr/local/bin/node" "/usr/local/bin/npm" "i" "-D" "pug-boostrap"
44 error node v4.5.0
45 error npm  v2.15.9
46 error code E404
47 error 404 Registry returned 404 for GET on https://registry.npmjs.org/pug-boostrap
47 error 404
47 error 404 'pug-boostrap' is not in the npm registry.
47 error 404 You should bug the author to publish it (or use the name yourself!)
47 error 404 It was specified as a dependency of 'testjquery'
47 error 404
47 error 404 Note that you can also install from a
47 error 404 tarball, folder, http url, or git url.
48 verbose exit [ 1, true ]
